<?xml version="1.0" encoding="UTF-8"?>
<!-- Generated by org.testng.reporters.JUnitReportReporter -->
<testsuite hostname="DESKTOP-BF9NM2M" failures="0" tests="1" name="com.erp.qa.GodownTest.PartialPurchaseTest" time="61.069" errors="0" timestamp="2025-10-14T15:48:55 IST" skipped="0">
  <testcase classname="com.erp.qa.GodownTest.PartialPurchaseTest" name="verifyPurchaseLink" time="61.069"/>
</testsuite> <!-- com.erp.qa.GodownTest.PartialPurchaseTest -->
