<?xml version="1.0" encoding="UTF-8"?>
<!-- Generated by org.testng.reporters.JUnitReportReporter -->
<testsuite hostname="DESKTOP-BF9NM2M" failures="0" tests="1" name="com.erp.qa.countertests.TvinTest" time="30.299" errors="0" timestamp="2025-10-14T10:55:47 IST" skipped="0">
  <testcase classname="com.erp.qa.countertests.TvinTest" name="verifyCounterLink" time="30.299"/>
</testsuite> <!-- com.erp.qa.countertests.TvinTest -->
