<?xml version="1.0" encoding="UTF-8"?>
<!-- Generated by org.testng.reporters.JUnitReportReporter -->
<testsuite hostname="DESKTOP-BF9NM2M" failures="0" tests="1" name="com.erp.qa.GodownTest.UpdateAcceptedLoadTest" time="77.490" errors="0" timestamp="2025-10-15T10:25:58 IST" skipped="0">
  <testcase classname="com.erp.qa.GodownTest.UpdateAcceptedLoadTest" name="verifyUpdateAcceptedLoadTest" time="77.490"/>
</testsuite> <!-- com.erp.qa.GodownTest.UpdateAcceptedLoadTest -->
