<?xml version="1.0" encoding="UTF-8"?>
<!-- Generated by org.testng.reporters.JUnitReportReporter -->
<testsuite hostname="DESKTOP-BF9NM2M" failures="0" tests="1" name="com.erp.qa.GodownTest.DomesticDeliveryTest" time="208.336" errors="0" timestamp="2025-10-18T17:46:45 IST" skipped="0">
  <testcase classname="com.erp.qa.GodownTest.DomesticDeliveryTest" name="verifyDomesticDeliveryTest" time="208.336"/>
</testsuite> <!-- com.erp.qa.GodownTest.DomesticDeliveryTest -->
