<?xml version="1.0" encoding="UTF-8"?>
<!-- Generated by org.testng.reporters.JUnitReportReporter -->
<testsuite hostname="DESKTOP-BF9NM2M" failures="0" tests="1" name="com.erp.qa.GodownTest.AcceptedLoadTest" time="62.584" errors="0" timestamp="2025-10-14T15:26:24 IST" skipped="0">
  <testcase classname="com.erp.qa.GodownTest.AcceptedLoadTest" name="verifyAcceptedLoadTest" time="62.584"/>
</testsuite> <!-- com.erp.qa.GodownTest.AcceptedLoadTest -->
