<?xml version="1.0" encoding="UTF-8"?>
<!-- Generated by org.testng.reporters.JUnitReportReporter -->
<testsuite hostname="DESKTOP-BF9NM2M" failures="0" tests="1" name="com.erp.qa.countertests.TaoutTest" time="38.626" errors="0" timestamp="2025-10-14T10:14:50 IST" skipped="0">
  <testcase classname="com.erp.qa.countertests.TaoutTest" name="verifyCounterLink" time="38.626"/>
</testsuite> <!-- com.erp.qa.countertests.TaoutTest -->
