<?xml version="1.0" encoding="UTF-8"?>
<!-- Generated by org.testng.reporters.JUnitReportReporter -->
<testsuite hostname="DESKTOP-BF9NM2M" failures="0" tests="1" name="com.erp.qa.GodownTest.UpdateERVTest" time="60.508" errors="0" timestamp="2025-10-15T15:25:00 IST" skipped="0">
  <testcase classname="com.erp.qa.GodownTest.UpdateERVTest" name="verifyUpdateERVTest" time="60.508"/>
</testsuite> <!-- com.erp.qa.GodownTest.UpdateERVTest -->
