<?xml version="1.0" encoding="UTF-8"?>
<!-- Generated by org.testng.reporters.JUnitReportReporter -->
<testsuite hostname="DESKTOP-BF9NM2M" failures="0" tests="1" name="com.erp.qa.GodownTest.UpdateCommDeliveryTest" time="65.772" errors="0" timestamp="2025-10-16T11:28:44 IST" skipped="0">
  <testcase classname="com.erp.qa.GodownTest.UpdateCommDeliveryTest" name="verifyUpdateCommercialDeliveryTest" time="65.772"/>
</testsuite> <!-- com.erp.qa.GodownTest.UpdateCommDeliveryTest -->
