<?xml version="1.0" encoding="UTF-8"?>
<!-- Generated by org.testng.reporters.JUnitReportReporter -->
<testsuite hostname="DESKTOP-BF9NM2M" failures="0" tests="1" name="com.erp.qa.countertests.NameChangeTest" time="26.131" errors="0" timestamp="2025-10-14T11:11:12 IST" skipped="0">
  <testcase classname="com.erp.qa.countertests.NameChangeTest" name="verifyCounterLink" time="26.131"/>
</testsuite> <!-- com.erp.qa.countertests.NameChangeTest -->
