<?xml version="1.0" encoding="UTF-8"?>
<!-- Generated by org.testng.reporters.JUnitReportReporter -->
<testsuite hostname="DESKTOP-BF9NM2M" failures="0" tests="1" name="com.erp.qa.GodownTest.ERVTest" time="47.549" errors="0" timestamp="2025-10-15T17:59:24 IST" skipped="0">
  <testcase classname="com.erp.qa.GodownTest.ERVTest" name="verifyERVTest" time="47.549"/>
</testsuite> <!-- com.erp.qa.GodownTest.ERVTest -->
