<?xml version="1.0" encoding="UTF-8"?>
<!-- Generated by org.testng.reporters.JUnitReportReporter -->
<testsuite hostname="DESKTOP-BF9NM2M" failures="0" tests="1" name="com.erp.qa.commsaletests.CommSaleTest" time="149.426" errors="0" timestamp="2025-10-23T11:06:48 IST" skipped="0">
  <testcase classname="com.erp.qa.commsaletests.CommSaleTest" name="verifyCommSaleLink" time="149.426"/>
</testsuite> <!-- com.erp.qa.commsaletests.CommSaleTest -->
