<?xml version="1.0" encoding="UTF-8"?>
<!-- Generated by org.testng.reporters.JUnitReportReporter -->
<testsuite hostname="DESKTOP-BF9NM2M" failures="0" tests="1" name="com.erp.qa.countertests.EquipmentRecoveryTest" time="92.603" errors="0" timestamp="2025-10-14T15:17:00 IST" skipped="0">
  <testcase classname="com.erp.qa.countertests.EquipmentRecoveryTest" name="verifyCounterLink" time="92.603"/>
</testsuite> <!-- com.erp.qa.countertests.EquipmentRecoveryTest -->
