<?xml version="1.0" encoding="UTF-8"?>
<!-- Generated by org.testng.reporters.JUnitReportReporter -->
<testsuite hostname="DESKTOP-BF9NM2M" failures="0" tests="1" name="com.erp.qa.countertests.SvTest" time="38.265" errors="0" timestamp="2025-10-11T12:43:45 IST" skipped="0">
  <testcase classname="com.erp.qa.countertests.SvTest" name="verifyCounterLink" time="38.265"/>
</testsuite> <!-- com.erp.qa.countertests.SvTest -->
