<?xml version="1.0" encoding="UTF-8"?>
<!-- Generated by org.testng.reporters.JUnitReportReporter -->
<testsuite hostname="DESKTOP-BF9NM2M" failures="0" tests="1" name="com.erp.qa.countertests.BeyondSaleTest" time="75.161" errors="0" timestamp="2025-10-10T17:41:27 IST" skipped="0">
  <testcase classname="com.erp.qa.countertests.BeyondSaleTest" name="verifyCounterLink" time="75.161"/>
</testsuite> <!-- com.erp.qa.countertests.BeyondSaleTest -->
