<?xml version="1.0" encoding="UTF-8"?>
<!-- Generated by org.testng.reporters.JUnitReportReporter -->
<testsuite hostname="DESKTOP-BF9NM2M" failures="0" tests="1" name="com.erp.qa.commsaletests.CashCollectionTest" time="24.840" errors="0" timestamp="2025-10-23T14:04:19 IST" skipped="0">
  <testcase classname="com.erp.qa.commsaletests.CashCollectionTest" name="verifyCommSaleLink" time="24.840"/>
</testsuite> <!-- com.erp.qa.commsaletests.CashCollectionTest -->
