<?xml version="1.0" encoding="UTF-8"?>
<!-- Generated by org.testng.reporters.JUnitReportReporter -->
<testsuite hostname="DESKTOP-BF9NM2M" failures="0" tests="1" name="com.erp.qa.countertests.TainTest" time="76.179" errors="0" timestamp="2025-10-14T09:49:12 IST" skipped="0">
  <testcase classname="com.erp.qa.countertests.TainTest" name="verifyCounterLink" time="76.179"/>
</testsuite> <!-- com.erp.qa.countertests.TainTest -->
