<?xml version="1.0" encoding="UTF-8"?>
<!-- Generated by org.testng.reporters.JUnitReportReporter -->
<testsuite hostname="DESKTOP-BF9NM2M" failures="0" tests="1" name="com.erp.qa.commsaletests.EmptyReceivedTest" time="68.209" errors="0" timestamp="2025-10-23T12:37:15 IST" skipped="0">
  <testcase classname="com.erp.qa.commsaletests.EmptyReceivedTest" name="verifyCommSaleLink" time="68.209"/>
</testsuite> <!-- com.erp.qa.commsaletests.EmptyReceivedTest -->
