<?xml version="1.0" encoding="UTF-8"?>
<!-- Generated by org.testng.reporters.JUnitReportReporter -->
<testsuite hostname="DESKTOP-BF9NM2M" failures="0" tests="1" name="com.erp.qa.GodownTest.CommercialDeliveryTest" time="50.121" errors="0" timestamp="2025-10-15T18:16:57 IST" skipped="0">
  <testcase classname="com.erp.qa.GodownTest.CommercialDeliveryTest" name="verifyCommercialDeliveryTest" time="50.121"/>
</testsuite> <!-- com.erp.qa.GodownTest.CommercialDeliveryTest -->
